[  448845ms] [WARNING] Property "syncing" was accessed during render but is not defined on instance. Proxy(Object) at <PageComponent>
at <Index>
at <ProxyAccountsPage>
at <RouterView>
at <AppLayout>
at <RouterView>
at <App> [Object, Object, Object, Object, Object, Object, Object] @ http://127.0.0.1:5174/admin-vue/@vite/client:509
[  448929ms] [WARNING] Property "handleSyncAll" was accessed during render but is not defined on instance. Proxy(Object) at <PageComponent>
at <Index>
at <ProxyAccountsPage>
at <RouterView>
at <AppLayout>
at <RouterView>
at <App> [Object, Object, Object, Object, Object, Object, Object] @ http://127.0.0.1:5174/admin-vue/@vite/client:509
[  453416ms] [WARNING] [Vue warn]: Property "handleSyncAll" was accessed during render but is not defined on instance. 
  at <PageComponent> 
  at <Index title="代理账号管理" current-page=1 page-size=20  ... > 
  at <ProxyAccountsPage onVnodeUnmounted=fn<onVnodeUnmounted> ref=Ref< null > > 
  at <RouterView> 
  at <AppLayout onVnodeUnmounted=fn<onVnodeUnmounted> ref=Ref< Proxy(Object) > > 
  at <RouterView> 
  at <App> @ http://127.0.0.1:5174/admin-vue/@vite/client:509
[  453626ms] [WARNING] Property "handleSyncAll" was accessed during render but is not defined on instance. Proxy(Object) at <PageComponent>
at <Index>
at <ProxyAccountsPage>
at <RouterView>
at <AppLayout>
at <RouterView>
at <App> [Object, Object, Object, Object, Object, Object, Object] @ http://127.0.0.1:5174/admin-vue/@vite/client:509
[  453769ms] [WARNING] Property "handleSyncAll" was accessed during render but is not defined on instance. Proxy(Object) at <PageComponent>
at <Index>
at <ProxyAccountsPage>
at <RouterView>
at <AppLayout>
at <RouterView>
at <App> [Object, Object, Object, Object, Object, Object, Object] @ http://127.0.0.1:5174/admin-vue/@vite/client:509
[  538171ms] [ERROR] Failed to load resource: the server responded with a status of 401 (Unauthorized) @ http://127.0.0.1:5174/api/v1/admin/proxy-accounts?proxyServiceId=308028660068352&page=0&size=20:0
